<?xml version="1.0" encoding="UTF-8"?>
<!-- Generated by org.testng.reporters.JUnitXMLReporter -->
<testsuite hostname="LAPTOP-UH729F15" ignored="0" name="Test" tests="1" failures="0" timestamp="2022-03-29T20:47:31 IST" time="0.051" errors="0">
  <testcase name="@BeforeClass Setup" time="0.009" classname="com.intbanking.testCases.BasePage">
    <failure type="java.lang.IllegalArgumentException" message="key can&amp;apos;t be empty">
      <![CDATA[java.lang.IllegalArgumentException: key can't be empty
at java.lang.System.checkKey(System.java:841)
at java.lang.System.setProperty(System.java:789)
at com.intbanking.testCases.BasePage.Setup(BasePage.java:18)
at java.util.ArrayList.forEach(ArrayList.java:1259)
... Removed 25 stack frames]]>
    </failure>
  </testcase> <!-- @BeforeClass Setup -->
  <testcase name="@AfterClass TearDown" time="0.0" classname="com.intbanking.testCases.BasePage">
    <skipped/>
  </testcase> <!-- @AfterClass TearDown -->
  <testcase name="LoginTesxt" time="0.0" classname="com.intbanking.testCases.Tc_LogTest_001">
    <skipped/>
  </testcase> <!-- LoginTesxt -->
</testsuite> <!-- Test -->
